<?xml version="1.0" encoding="UTF-8"?>
<!-- Generated by org.testng.reporters.JUnitReportReporter -->
<testsuite hostname="Dmitrys-MacBook-Pro.local" name="com.magnet.mmx.selenium.WizardCustomInstall_TestNG" tests="1" failures="0" timestamp="28 Apr 2015 17:10:54 GMT" time="63.736" errors="0">
  <testcase name="Sign_inNout" time="63.736" classname="com.magnet.mmx.selenium.WizardCustomInstall_TestNG"/>
</testsuite> <!-- com.magnet.mmx.selenium.WizardCustomInstall_TestNG -->
