<?xml version="1.0" encoding="UTF-8"?>
<!-- Generated by org.testng.reporters.JUnitReportReporter -->
<testsuite hostname="Dmitrys-MacBook-Pro.local" name="com.magnet.mmx.selenium.WizardCustomInstall_TestNG" tests="6" failures="0" timestamp="24 Apr 2015 22:41:47 GMT" time="206.190" errors="0">
  <testcase name="testConfigurationReset_0" time="14.461" classname="com.magnet.mmx.selenium.WizardCustomInstall_TestNG"/>
  <testcase name="testConfigurationReset_1" time="12.110" classname="com.magnet.mmx.selenium.WizardCustomInstall_TestNG"/>
  <testcase name="testConfiguration_CommonReset" time="15.090" classname="com.magnet.mmx.selenium.WizardCustomInstall_TestNG"/>
  <testcase name="testConfigurationReset_2" time="41.096" classname="com.magnet.mmx.selenium.WizardCustomInstall_TestNG"/>
  <testcase name="Sign_inNout" time="64.048" classname="com.magnet.mmx.selenium.WizardCustomInstall_TestNG"/>
  <testcase name="InitialSetup" time="59.385" classname="com.magnet.mmx.selenium.WizardCustomInstall_TestNG"/>
</testsuite> <!-- com.magnet.mmx.selenium.WizardCustomInstall_TestNG -->
