<?xml version="1.0" encoding="UTF-8"?>
<!-- Generated by org.testng.reporters.JUnitReportReporter -->
<testsuite hostname="Dmitrys-MacBook-Pro.local" name="com.magnet.mmx.selenium.WizardCustomInstall_TestNG" tests="1" failures="0" timestamp="24 Apr 2015 20:49:24 GMT" time="41.481" errors="0">
  <testcase name="testConfigurationReset_2" time="41.481" classname="com.magnet.mmx.selenium.WizardCustomInstall_TestNG"/>
</testsuite> <!-- com.magnet.mmx.selenium.WizardCustomInstall_TestNG -->
