<?xml version="1.0" encoding="UTF-8"?>
<!-- Generated by org.testng.reporters.JUnitReportReporter -->
<testsuite hostname="Dmitrys-MacBook-Pro.local" name="com.magnet.mmx.selenium.WizardStandardInstall_TestNG" tests="6" failures="0" timestamp="24 Apr 2015 22:53:59 GMT" time="265.860" errors="0">
  <testcase name="test_3_ConfigurationReset_Template" time="36.214" classname="com.magnet.mmx.selenium.WizardStandardInstall_TestNG"/>
  <testcase name="test_1_ConfigurationReset_Accounts" time="30.939" classname="com.magnet.mmx.selenium.WizardStandardInstall_TestNG"/>
  <testcase name="test_1_ConfigurationReset_NewUserLogin" time="5.923" classname="com.magnet.mmx.selenium.WizardStandardInstall_TestNG"/>
  <testcase name="test_2_ConfigurationReset_Logs" time="114.947" classname="com.magnet.mmx.selenium.WizardStandardInstall_TestNG"/>
  <testcase name="test_4_ConfigurationReset_allTabs" time="55.554" classname="com.magnet.mmx.selenium.WizardStandardInstall_TestNG"/>
  <testcase name="test_0__StandardInstall" time="22.283" classname="com.magnet.mmx.selenium.WizardStandardInstall_TestNG"/>
</testsuite> <!-- com.magnet.mmx.selenium.WizardStandardInstall_TestNG -->
